# JRE version: OpenJDK Runtime Environment Temurin-21.0.8+9 (21.0.8+9) (build 21.0.8+9-LTS)
# Java VM: OpenJDK 64-Bit Server VM Temurin-21.0.8+9 (21.0.8+9-LTS, mixed mode, sharing, tiered, compressed oops, compressed class ptrs, parallel gc, windows-amd64)
GC Precious Log:
 CardTable entry size: 512
 CPUs: 12 total, 12 available
 Memory: 7521M
 Large Page Support: Disabled
 NUMA Support: Disabled
 Compressed Oops: Enabled (32-bit)
 Alignments: Space 512K, Generation 512K, Heap 2M
 Heap Min Capacity: 100M
 Heap Initial Capacity: 100M
 Heap Max Capacity: 2G
 Pre-touch: Disabled
 Parallel Workers: 10
Heap:
 PSYoungGen      total 5632K, used 2589K [0x00000000d5580000, 0x00000000d6980000, 0x0000000100000000)
  eden space 4096K, 25% used [0x00000000d5580000,0x00000000d5688100,0x00000000d5980000)
  from space 1536K, 99% used [0x00000000d6000000,0x00000000d617f540,0x00000000d6180000)
  to   space 6656K, 0% used [0x00000000d5980000,0x00000000d5980000,0x00000000d6000000)
 ParOldGen       total 198656K, used 198355K [0x0000000080000000, 0x000000008c200000, 0x00000000d5580000)
  object space 198656K, 99% used [0x0000000080000000,0x000000008c1b4d48,0x000000008c200000)
 Metaspace       used 77059K, committed 78720K, reserved 1179648K
  class space    used 7996K, committed 8704K, reserved 1048576K
GC Heap History (20 events):
Event: 172.501 GC heap before
{Heap before GC invocations=138 (full 3):
 PSYoungGen      total 8704K, used 8663K [0x00000000d5580000, 0x00000000d6280000, 0x0000000100000000)
  eden space 7168K, 100% used [0x00000000d5580000,0x00000000d5c80000,0x00000000d5c80000)
  from space 1536K, 97% used [0x00000000d6100000,0x00000000d6275e60,0x00000000d6280000)
  to   space 2560K, 0% used [0x00000000d5d80000,0x00000000d5d80000,0x00000000d6000000)
 ParOldGen       total 189952K, used 189898K [0x0000000080000000, 0x000000008b980000, 0x00000000d5580000)
  object space 189952K, 99% used [0x0000000080000000,0x000000008b9728a8,0x000000008b980000)
 Metaspace       used 73166K, committed 74752K, reserved 1179648K
  class space    used 7468K, committed 8128K, reserved 1048576K
}
Event: 172.515 GC heap after
{Heap after GC invocations=138 (full 3):
 PSYoungGen      total 9728K, used 1082K [0x00000000d5580000, 0x00000000d6180000, 0x0000000100000000)
  eden space 7168K, 0% used [0x00000000d5580000,0x00000000d5580000,0x00000000d5c80000)
  from space 2560K, 42% used [0x00000000d5d80000,0x00000000d5e8e920,0x00000000d6000000)
  to   space 1536K, 0% used [0x00000000d6000000,0x00000000d6000000,0x00000000d6180000)
 ParOldGen       total 190976K, used 190686K [0x0000000080000000, 0x000000008ba80000, 0x00000000d5580000)
  object space 190976K, 99% used [0x0000000080000000,0x000000008ba37ad8,0x000000008ba80000)
 Metaspace       used 73166K, committed 74752K, reserved 1179648K
  class space    used 7468K, committed 8128K, reserved 1048576K
}
Event: 173.072 GC heap before
{Heap before GC invocations=139 (full 3):
 PSYoungGen      total 9728K, used 8250K [0x00000000d5580000, 0x00000000d6180000, 0x0000000100000000)
  eden space 7168K, 100% used [0x00000000d5580000,0x00000000d5c80000,0x00000000d5c80000)
  from space 2560K, 42% used [0x00000000d5d80000,0x00000000d5e8e920,0x00000000d6000000)
  to   space 1536K, 0% used [0x00000000d6000000,0x00000000d6000000,0x00000000d6180000)
 ParOldGen       total 190976K, used 190686K [0x0000000080000000, 0x000000008ba80000, 0x00000000d5580000)
  object space 190976K, 99% used [0x0000000080000000,0x000000008ba37ad8,0x000000008ba80000)
 Metaspace       used 73198K, committed 74816K, reserved 1179648K
  class space    used 7468K, committed 8128K, reserved 1048576K
}
Event: 173.076 GC heap after
{Heap after GC invocations=139 (full 3):
 PSYoungGen      total 8192K, used 714K [0x00000000d5580000, 0x00000000d6100000, 0x0000000100000000)
  eden space 7168K, 0% used [0x00000000d5580000,0x00000000d5580000,0x00000000d5c80000)
  from space 1024K, 69% used [0x00000000d6000000,0x00000000d60b2930,0x00000000d6100000)
  to   space 1024K, 0% used [0x00000000d5f00000,0x00000000d5f00000,0x00000000d6000000)
 ParOldGen       total 191488K, used 191110K [0x0000000080000000, 0x000000008bb00000, 0x00000000d5580000)
  object space 191488K, 99% used [0x0000000080000000,0x000000008baa1af8,0x000000008bb00000)
 Metaspace       used 73198K, committed 74816K, reserved 1179648K
  class space    used 7468K, committed 8128K, reserved 1048576K
}
Event: 176.587 GC heap before
{Heap before GC invocations=140 (full 3):
 PSYoungGen      total 8192K, used 7305K [0x00000000d5580000, 0x00000000d6100000, 0x0000000100000000)
  eden space 7168K, 91% used [0x00000000d5580000,0x00000000d5befe30,0x00000000d5c80000)
  from space 1024K, 69% used [0x00000000d6000000,0x00000000d60b2930,0x00000000d6100000)
  to   space 1024K, 0% used [0x00000000d5f00000,0x00000000d5f00000,0x00000000d6000000)
 ParOldGen       total 191488K, used 191110K [0x0000000080000000, 0x000000008bb00000, 0x00000000d5580000)
  object space 191488K, 99% used [0x0000000080000000,0x000000008baa1af8,0x000000008bb00000)
 Metaspace       used 73627K, committed 75264K, reserved 1179648K
  class space    used 7520K, committed 8192K, reserved 1048576K
}
Event: 176.591 GC heap after
{Heap after GC invocations=140 (full 3):
 PSYoungGen      total 8192K, used 747K [0x00000000d5580000, 0x00000000d6080000, 0x0000000100000000)
  eden space 7168K, 0% used [0x00000000d5580000,0x00000000d5580000,0x00000000d5c80000)
  from space 1024K, 72% used [0x00000000d5f00000,0x00000000d5fbac88,0x00000000d6000000)
  to   space 512K, 0% used [0x00000000d6000000,0x00000000d6000000,0x00000000d6080000)
 ParOldGen       total 191488K, used 191246K [0x0000000080000000, 0x000000008bb00000, 0x00000000d5580000)
  object space 191488K, 99% used [0x0000000080000000,0x000000008bac3b18,0x000000008bb00000)
 Metaspace       used 73627K, committed 75264K, reserved 1179648K
  class space    used 7520K, committed 8192K, reserved 1048576K
}
Event: 176.753 GC heap before
{Heap before GC invocations=141 (full 3):
 PSYoungGen      total 8192K, used 7915K [0x00000000d5580000, 0x00000000d6080000, 0x0000000100000000)
  eden space 7168K, 100% used [0x00000000d5580000,0x00000000d5c80000,0x00000000d5c80000)
  from space 1024K, 72% used [0x00000000d5f00000,0x00000000d5fbac88,0x00000000d6000000)
  to   space 512K, 0% used [0x00000000d6000000,0x00000000d6000000,0x00000000d6080000)
 ParOldGen       total 191488K, used 191246K [0x0000000080000000, 0x000000008bb00000, 0x00000000d5580000)
  object space 191488K, 99% used [0x0000000080000000,0x000000008bac3b18,0x000000008bb00000)
 Metaspace       used 73627K, committed 75264K, reserved 1179648K
  class space    used 7520K, committed 8192K, reserved 1048576K
}
Event: 176.755 GC heap after
{Heap after GC invocations=141 (full 3):
 PSYoungGen      total 7680K, used 192K [0x00000000d5580000, 0x00000000d6080000, 0x0000000100000000)
  eden space 7168K, 0% used [0x00000000d5580000,0x00000000d5580000,0x00000000d5c80000)
  from space 512K, 37% used [0x00000000d6000000,0x00000000d6030000,0x00000000d6080000)
  to   space 512K, 0% used [0x00000000d5f80000,0x00000000d5f80000,0x00000000d6000000)
 ParOldGen       total 192000K, used 191851K [0x0000000080000000, 0x000000008bb80000, 0x00000000d5580000)
  object space 192000K, 99% used [0x0000000080000000,0x000000008bb5aed0,0x000000008bb80000)
 Metaspace       used 73627K, committed 75264K, reserved 1179648K
  class space    used 7520K, committed 8192K, reserved 1048576K
}
Event: 177.488 GC heap before
{Heap before GC invocations=142 (full 3):
 PSYoungGen      total 7680K, used 7360K [0x00000000d5580000, 0x00000000d6080000, 0x0000000100000000)
  eden space 7168K, 100% used [0x00000000d5580000,0x00000000d5c80000,0x00000000d5c80000)
  from space 512K, 37% used [0x00000000d6000000,0x00000000d6030000,0x00000000d6080000)
  to   space 512K, 0% used [0x00000000d5f80000,0x00000000d5f80000,0x00000000d6000000)
 ParOldGen       total 192000K, used 191851K [0x0000000080000000, 0x000000008bb80000, 0x00000000d5580000)
  object space 192000K, 99% used [0x0000000080000000,0x000000008bb5aed0,0x000000008bb80000)
 Metaspace       used 74130K, committed 75840K, reserved 1179648K
  class space    used 7567K, committed 8320K, reserved 1048576K
}
Event: 177.491 GC heap after
{Heap after GC invocations=142 (full 3):
 PSYoungGen      total 7680K, used 320K [0x00000000d5580000, 0x00000000d6080000, 0x0000000100000000)
  eden space 7168K, 0% used [0x00000000d5580000,0x00000000d5580000,0x00000000d5c80000)
  from space 512K, 62% used [0x00000000d5f80000,0x00000000d5fd0000,0x00000000d6000000)
  to   space 512K, 0% used [0x00000000d6000000,0x00000000d6000000,0x00000000d6080000)
 ParOldGen       total 192000K, used 191891K [0x0000000080000000, 0x000000008bb80000, 0x00000000d5580000)
  object space 192000K, 99% used [0x0000000080000000,0x000000008bb64ed0,0x000000008bb80000)
 Metaspace       used 74130K, committed 75840K, reserved 1179648K
  class space    used 7567K, committed 8320K, reserved 1048576K
}
Event: 177.747 GC heap before
{Heap before GC invocations=143 (full 3):
 PSYoungGen      total 7680K, used 7488K [0x00000000d5580000, 0x00000000d6080000, 0x0000000100000000)
  eden space 7168K, 100% used [0x00000000d5580000,0x00000000d5c80000,0x00000000d5c80000)
  from space 512K, 62% used [0x00000000d5f80000,0x00000000d5fd0000,0x00000000d6000000)
  to   space 512K, 0% used [0x00000000d6000000,0x00000000d6000000,0x00000000d6080000)
 ParOldGen       total 192000K, used 191891K [0x0000000080000000, 0x000000008bb80000, 0x00000000d5580000)
  object space 192000K, 99% used [0x0000000080000000,0x000000008bb64ed0,0x000000008bb80000)
 Metaspace       used 75039K, committed 76736K, reserved 1179648K
  class space    used 7668K, committed 8384K, reserved 1048576K
}
Event: 177.749 GC heap after
{Heap after GC invocations=143 (full 3):
 PSYoungGen      total 7680K, used 369K [0x00000000d5580000, 0x00000000d6080000, 0x0000000100000000)
  eden space 7168K, 0% used [0x00000000d5580000,0x00000000d5580000,0x00000000d5c80000)
  from space 512K, 72% used [0x00000000d6000000,0x00000000d605c5d0,0x00000000d6080000)
  to   space 512K, 0% used [0x00000000d5f80000,0x00000000d5f80000,0x00000000d6000000)
 ParOldGen       total 192512K, used 192059K [0x0000000080000000, 0x000000008bc00000, 0x00000000d5580000)
  object space 192512K, 99% used [0x0000000080000000,0x000000008bb8eed0,0x000000008bc00000)
 Metaspace       used 75039K, committed 76736K, reserved 1179648K
  class space    used 7668K, committed 8384K, reserved 1048576K
}
Event: 178.062 GC heap before
{Heap before GC invocations=144 (full 3):
 PSYoungGen      total 7680K, used 7537K [0x00000000d5580000, 0x00000000d6080000, 0x0000000100000000)
  eden space 7168K, 99% used [0x00000000d5580000,0x00000000d5c7fff0,0x00000000d5c80000)
  from space 512K, 72% used [0x00000000d6000000,0x00000000d605c5d0,0x00000000d6080000)
  to   space 512K, 0% used [0x00000000d5f80000,0x00000000d5f80000,0x00000000d6000000)
 ParOldGen       total 192512K, used 192059K [0x0000000080000000, 0x000000008bc00000, 0x00000000d5580000)
  object space 192512K, 99% used [0x0000000080000000,0x000000008bb8eed0,0x000000008bc00000)
 Metaspace       used 75733K, committed 77440K, reserved 1179648K
  class space    used 7804K, committed 8512K, reserved 1048576K
}
Event: 178.065 GC heap after
{Heap after GC invocations=144 (full 3):
 PSYoungGen      total 7680K, used 336K [0x00000000d5580000, 0x00000000d6080000, 0x0000000100000000)
  eden space 7168K, 0% used [0x00000000d5580000,0x00000000d5580000,0x00000000d5c80000)
  from space 512K, 65% used [0x00000000d5f80000,0x00000000d5fd4010,0x00000000d6000000)
  to   space 512K, 0% used [0x00000000d6000000,0x00000000d6000000,0x00000000d6080000)
 ParOldGen       total 192512K, used 192290K [0x0000000080000000, 0x000000008bc00000, 0x00000000d5580000)
  object space 192512K, 99% used [0x0000000080000000,0x000000008bbc8ab8,0x000000008bc00000)
 Metaspace       used 75733K, committed 77440K, reserved 1179648K
  class space    used 7804K, committed 8512K, reserved 1048576K
}
Event: 178.392 GC heap before
{Heap before GC invocations=145 (full 3):
 PSYoungGen      total 7680K, used 7504K [0x00000000d5580000, 0x00000000d6080000, 0x0000000100000000)
  eden space 7168K, 100% used [0x00000000d5580000,0x00000000d5c80000,0x00000000d5c80000)
  from space 512K, 65% used [0x00000000d5f80000,0x00000000d5fd4010,0x00000000d6000000)
  to   space 512K, 0% used [0x00000000d6000000,0x00000000d6000000,0x00000000d6080000)
 ParOldGen       total 192512K, used 192290K [0x0000000080000000, 0x000000008bc00000, 0x00000000d5580000)
  object space 192512K, 99% used [0x0000000080000000,0x000000008bbc8ab8,0x000000008bc00000)
 Metaspace       used 76588K, committed 78336K, reserved 1179648K
  class space    used 7925K, committed 8640K, reserved 1048576K
}
Event: 178.396 GC heap after
{Heap after GC invocations=145 (full 3):
 PSYoungGen      total 7680K, used 448K [0x00000000d5580000, 0x00000000d6080000, 0x0000000100000000)
  eden space 7168K, 0% used [0x00000000d5580000,0x00000000d5580000,0x00000000d5c80000)
  from space 512K, 87% used [0x00000000d6000000,0x00000000d6070000,0x00000000d6080000)
  to   space 512K, 0% used [0x00000000d5f80000,0x00000000d5f80000,0x00000000d6000000)
 ParOldGen       total 192512K, used 192466K [0x0000000080000000, 0x000000008bc00000, 0x00000000d5580000)
  object space 192512K, 99% used [0x0000000080000000,0x000000008bbf4af8,0x000000008bc00000)
 Metaspace       used 76588K, committed 78336K, reserved 1179648K
  class space    used 7925K, committed 8640K, reserved 1048576K
}
Event: 192.433 GC heap before
{Heap before GC invocations=146 (full 3):
 PSYoungGen      total 7680K, used 7037K [0x00000000d5580000, 0x00000000d6080000, 0x0000000100000000)
  eden space 7168K, 91% used [0x00000000d5580000,0x00000000d5bef5e8,0x00000000d5c80000)
  from space 512K, 87% used [0x00000000d6000000,0x00000000d6070000,0x00000000d6080000)
  to   space 512K, 0% used [0x00000000d5f80000,0x00000000d5f80000,0x00000000d6000000)
 ParOldGen       total 192512K, used 192466K [0x0000000080000000, 0x000000008bc00000, 0x00000000d5580000)
  object space 192512K, 99% used [0x0000000080000000,0x000000008bbf4af8,0x000000008bc00000)
 Metaspace       used 76983K, committed 78656K, reserved 1179648K
  class space    used 7974K, committed 8704K, reserved 1048576K
}
Event: 192.436 GC heap after
{Heap after GC invocations=146 (full 3):
 PSYoungGen      total 7680K, used 507K [0x00000000d5580000, 0x00000000d6180000, 0x0000000100000000)
  eden space 7168K, 0% used [0x00000000d5580000,0x00000000d5580000,0x00000000d5c80000)
  from space 512K, 99% used [0x00000000d5f80000,0x00000000d5ffef18,0x00000000d6000000)
  to   space 1536K, 0% used [0x00000000d6000000,0x00000000d6000000,0x00000000d6180000)
 ParOldGen       total 194048K, used 194007K [0x0000000080000000, 0x000000008bd80000, 0x00000000d5580000)
  object space 194048K, 99% used [0x0000000080000000,0x000000008bd75c48,0x000000008bd80000)
 Metaspace       used 76983K, committed 78656K, reserved 1179648K
  class space    used 7974K, committed 8704K, reserved 1048576K
}
Event: 192.642 GC heap before
{Heap before GC invocations=147 (full 3):
 PSYoungGen      total 7680K, used 7675K [0x00000000d5580000, 0x00000000d6180000, 0x0000000100000000)
  eden space 7168K, 100% used [0x00000000d5580000,0x00000000d5c80000,0x00000000d5c80000)
  from space 512K, 99% used [0x00000000d5f80000,0x00000000d5ffef18,0x00000000d6000000)
  to   space 1536K, 0% used [0x00000000d6000000,0x00000000d6000000,0x00000000d6180000)
 ParOldGen       total 194048K, used 194007K [0x0000000080000000, 0x000000008bd80000, 0x00000000d5580000)
  object space 194048K, 99% used [0x0000000080000000,0x000000008bd75c48,0x000000008bd80000)
 Metaspace       used 77053K, committed 78720K, reserved 1179648K
  class space    used 7995K, committed 8704K, reserved 1048576K
}
Event: 192.646 GC heap after
{Heap after GC invocations=147 (full 3):
 PSYoungGen      total 5632K, used 1533K [0x00000000d5580000, 0x00000000d6980000, 0x0000000100000000)
  eden space 4096K, 0% used [0x00000000d5580000,0x00000000d5580000,0x00000000d5980000)
  from space 1536K, 99% used [0x00000000d6000000,0x00000000d617f540,0x00000000d6180000)
  to   space 6656K, 0% used [0x00000000d5980000,0x00000000d5980000,0x00000000d6000000)
 ParOldGen       total 198656K, used 198355K [0x0000000080000000, 0x000000008c200000, 0x00000000d5580000)
  object space 198656K, 99% used [0x0000000080000000,0x000000008c1b4d48,0x000000008c200000)
 Metaspace       used 77053K, committed 78720K, reserved 1179648K
  class space    used 7995K, committed 8704K, reserved 1048576K
}

