# JRE version: OpenJDK Runtime Environment Temurin-21.0.8+9 (21.0.8+9) (build 21.0.8+9-LTS)
# Java VM: OpenJDK 64-Bit Server VM Temurin-21.0.8+9 (21.0.8+9-LTS, mixed mode, sharing, tiered, compressed oops, compressed class ptrs, parallel gc, windows-amd64)
GC Precious Log:
 CardTable entry size: 512
 CPUs: 12 total, 12 available
 Memory: 7521M
 Large Page Support: Disabled
 NUMA Support: Disabled
 Compressed Oops: Enabled (32-bit)
 Alignments: Space 512K, Generation 512K, Heap 2M
 Heap Min Capacity: 100M
 Heap Initial Capacity: 100M
 Heap Max Capacity: 2G
 Pre-touch: Disabled
 Parallel Workers: 10
Heap:
 PSYoungGen      total 4096K, used 1820K [0x00000000d5580000, 0x00000000d5a80000, 0x0000000100000000)
  eden space 3072K, 38% used [0x00000000d5580000,0x00000000d56a7390,0x00000000d5880000)
  from space 1024K, 62% used [0x00000000d5880000,0x00000000d591fc90,0x00000000d5980000)
  to   space 1024K, 0% used [0x00000000d5980000,0x00000000d5980000,0x00000000d5a80000)
 ParOldGen       total 301056K, used 97509K [0x0000000080000000, 0x0000000092600000, 0x00000000d5580000)
  object space 301056K, 32% used [0x0000000080000000,0x0000000085f397c8,0x0000000092600000)
 Metaspace       used 73259K, committed 74880K, reserved 1179648K
  class space    used 7409K, committed 8128K, reserved 1048576K
GC Heap History (20 events):
Event: 42.501 GC heap before
{Heap before GC invocations=684 (full 4):
 PSYoungGen      total 3584K, used 3296K [0x00000000d5580000, 0x00000000d5a80000, 0x0000000100000000)
  eden space 3072K, 100% used [0x00000000d5580000,0x00000000d5880000,0x00000000d5880000)
  from space 512K, 43% used [0x00000000d5980000,0x00000000d59b8000,0x00000000d5a00000)
  to   space 512K, 0% used [0x00000000d5a00000,0x00000000d5a00000,0x00000000d5a80000)
 ParOldGen       total 301056K, used 95936K [0x0000000080000000, 0x0000000092600000, 0x00000000d5580000)
  object space 301056K, 31% used [0x0000000080000000,0x0000000085db01f0,0x0000000092600000)
 Metaspace       used 73099K, committed 74752K, reserved 1179648K
  class space    used 7397K, committed 8128K, reserved 1048576K
}
Event: 42.502 GC heap after
{Heap after GC invocations=684 (full 4):
 PSYoungGen      total 3584K, used 320K [0x00000000d5580000, 0x00000000d5a80000, 0x0000000100000000)
  eden space 3072K, 0% used [0x00000000d5580000,0x00000000d5580000,0x00000000d5880000)
  from space 512K, 62% used [0x00000000d5a00000,0x00000000d5a50000,0x00000000d5a80000)
  to   space 512K, 0% used [0x00000000d5980000,0x00000000d5980000,0x00000000d5a00000)
 ParOldGen       total 301056K, used 96016K [0x0000000080000000, 0x0000000092600000, 0x00000000d5580000)
  object space 301056K, 31% used [0x0000000080000000,0x0000000085dc41f0,0x0000000092600000)
 Metaspace       used 73099K, committed 74752K, reserved 1179648K
  class space    used 7397K, committed 8128K, reserved 1048576K
}
Event: 42.530 GC heap before
{Heap before GC invocations=685 (full 4):
 PSYoungGen      total 3584K, used 3392K [0x00000000d5580000, 0x00000000d5a80000, 0x0000000100000000)
  eden space 3072K, 100% used [0x00000000d5580000,0x00000000d5880000,0x00000000d5880000)
  from space 512K, 62% used [0x00000000d5a00000,0x00000000d5a50000,0x00000000d5a80000)
  to   space 512K, 0% used [0x00000000d5980000,0x00000000d5980000,0x00000000d5a00000)
 ParOldGen       total 301056K, used 96016K [0x0000000080000000, 0x0000000092600000, 0x00000000d5580000)
  object space 301056K, 31% used [0x0000000080000000,0x0000000085dc41f0,0x0000000092600000)
 Metaspace       used 73099K, committed 74752K, reserved 1179648K
  class space    used 7397K, committed 8128K, reserved 1048576K
}
Event: 42.531 GC heap after
{Heap after GC invocations=685 (full 4):
 PSYoungGen      total 3584K, used 256K [0x00000000d5580000, 0x00000000d5a80000, 0x0000000100000000)
  eden space 3072K, 0% used [0x00000000d5580000,0x00000000d5580000,0x00000000d5880000)
  from space 512K, 50% used [0x00000000d5980000,0x00000000d59c0000,0x00000000d5a00000)
  to   space 512K, 0% used [0x00000000d5a00000,0x00000000d5a00000,0x00000000d5a80000)
 ParOldGen       total 301056K, used 96104K [0x0000000080000000, 0x0000000092600000, 0x00000000d5580000)
  object space 301056K, 31% used [0x0000000080000000,0x0000000085dda1f0,0x0000000092600000)
 Metaspace       used 73099K, committed 74752K, reserved 1179648K
  class space    used 7397K, committed 8128K, reserved 1048576K
}
Event: 42.542 GC heap before
{Heap before GC invocations=686 (full 4):
 PSYoungGen      total 3584K, used 3328K [0x00000000d5580000, 0x00000000d5a80000, 0x0000000100000000)
  eden space 3072K, 100% used [0x00000000d5580000,0x00000000d5880000,0x00000000d5880000)
  from space 512K, 50% used [0x00000000d5980000,0x00000000d59c0000,0x00000000d5a00000)
  to   space 512K, 0% used [0x00000000d5a00000,0x00000000d5a00000,0x00000000d5a80000)
 ParOldGen       total 301056K, used 96104K [0x0000000080000000, 0x0000000092600000, 0x00000000d5580000)
  object space 301056K, 31% used [0x0000000080000000,0x0000000085dda1f0,0x0000000092600000)
 Metaspace       used 73099K, committed 74752K, reserved 1179648K
  class space    used 7397K, committed 8128K, reserved 1048576K
}
Event: 42.543 GC heap after
{Heap after GC invocations=686 (full 4):
 PSYoungGen      total 3584K, used 402K [0x00000000d5580000, 0x00000000d5a80000, 0x0000000100000000)
  eden space 3072K, 0% used [0x00000000d5580000,0x00000000d5580000,0x00000000d5880000)
  from space 512K, 78% used [0x00000000d5a00000,0x00000000d5a64940,0x00000000d5a80000)
  to   space 512K, 0% used [0x00000000d5980000,0x00000000d5980000,0x00000000d5a00000)
 ParOldGen       total 301056K, used 96168K [0x0000000080000000, 0x0000000092600000, 0x00000000d5580000)
  object space 301056K, 31% used [0x0000000080000000,0x0000000085dea1f0,0x0000000092600000)
 Metaspace       used 73099K, committed 74752K, reserved 1179648K
  class space    used 7397K, committed 8128K, reserved 1048576K
}
Event: 42.564 GC heap before
{Heap before GC invocations=687 (full 4):
 PSYoungGen      total 3584K, used 3470K [0x00000000d5580000, 0x00000000d5a80000, 0x0000000100000000)
  eden space 3072K, 99% used [0x00000000d5580000,0x00000000d587ef10,0x00000000d5880000)
  from space 512K, 78% used [0x00000000d5a00000,0x00000000d5a64940,0x00000000d5a80000)
  to   space 512K, 0% used [0x00000000d5980000,0x00000000d5980000,0x00000000d5a00000)
 ParOldGen       total 301056K, used 96168K [0x0000000080000000, 0x0000000092600000, 0x00000000d5580000)
  object space 301056K, 31% used [0x0000000080000000,0x0000000085dea1f0,0x0000000092600000)
 Metaspace       used 73100K, committed 74752K, reserved 1179648K
  class space    used 7397K, committed 8128K, reserved 1048576K
}
Event: 42.566 GC heap after
{Heap after GC invocations=687 (full 4):
 PSYoungGen      total 3584K, used 288K [0x00000000d5580000, 0x00000000d5a80000, 0x0000000100000000)
  eden space 3072K, 0% used [0x00000000d5580000,0x00000000d5580000,0x00000000d5880000)
  from space 512K, 56% used [0x00000000d5980000,0x00000000d59c8000,0x00000000d5a00000)
  to   space 512K, 0% used [0x00000000d5a00000,0x00000000d5a00000,0x00000000d5a80000)
 ParOldGen       total 301056K, used 96256K [0x0000000080000000, 0x0000000092600000, 0x00000000d5580000)
  object space 301056K, 31% used [0x0000000080000000,0x0000000085e001f0,0x0000000092600000)
 Metaspace       used 73100K, committed 74752K, reserved 1179648K
  class space    used 7397K, committed 8128K, reserved 1048576K
}
Event: 42.594 GC heap before
{Heap before GC invocations=688 (full 4):
 PSYoungGen      total 3584K, used 3356K [0x00000000d5580000, 0x00000000d5a80000, 0x0000000100000000)
  eden space 3072K, 99% used [0x00000000d5580000,0x00000000d587f0b8,0x00000000d5880000)
  from space 512K, 56% used [0x00000000d5980000,0x00000000d59c8000,0x00000000d5a00000)
  to   space 512K, 0% used [0x00000000d5a00000,0x00000000d5a00000,0x00000000d5a80000)
 ParOldGen       total 301056K, used 96256K [0x0000000080000000, 0x0000000092600000, 0x00000000d5580000)
  object space 301056K, 31% used [0x0000000080000000,0x0000000085e001f0,0x0000000092600000)
 Metaspace       used 73110K, committed 74752K, reserved 1179648K
  class space    used 7397K, committed 8128K, reserved 1048576K
}
Event: 42.595 GC heap after
{Heap after GC invocations=688 (full 4):
 PSYoungGen      total 3584K, used 424K [0x00000000d5580000, 0x00000000d5a80000, 0x0000000100000000)
  eden space 3072K, 0% used [0x00000000d5580000,0x00000000d5580000,0x00000000d5880000)
  from space 512K, 82% used [0x00000000d5a00000,0x00000000d5a6a2c0,0x00000000d5a80000)
  to   space 512K, 0% used [0x00000000d5980000,0x00000000d5980000,0x00000000d5a00000)
 ParOldGen       total 301056K, used 96384K [0x0000000080000000, 0x0000000092600000, 0x00000000d5580000)
  object space 301056K, 32% used [0x0000000080000000,0x0000000085e201f0,0x0000000092600000)
 Metaspace       used 73110K, committed 74752K, reserved 1179648K
  class space    used 7397K, committed 8128K, reserved 1048576K
}
Event: 42.630 GC heap before
{Heap before GC invocations=689 (full 4):
 PSYoungGen      total 3584K, used 3496K [0x00000000d5580000, 0x00000000d5a80000, 0x0000000100000000)
  eden space 3072K, 100% used [0x00000000d5580000,0x00000000d5880000,0x00000000d5880000)
  from space 512K, 82% used [0x00000000d5a00000,0x00000000d5a6a2c0,0x00000000d5a80000)
  to   space 512K, 0% used [0x00000000d5980000,0x00000000d5980000,0x00000000d5a00000)
 ParOldGen       total 301056K, used 96384K [0x0000000080000000, 0x0000000092600000, 0x00000000d5580000)
  object space 301056K, 32% used [0x0000000080000000,0x0000000085e201f0,0x0000000092600000)
 Metaspace       used 73110K, committed 74752K, reserved 1179648K
  class space    used 7397K, committed 8128K, reserved 1048576K
}
Event: 42.631 GC heap after
{Heap after GC invocations=689 (full 4):
 PSYoungGen      total 3584K, used 288K [0x00000000d5580000, 0x00000000d5a80000, 0x0000000100000000)
  eden space 3072K, 0% used [0x00000000d5580000,0x00000000d5580000,0x00000000d5880000)
  from space 512K, 56% used [0x00000000d5980000,0x00000000d59c8000,0x00000000d5a00000)
  to   space 512K, 0% used [0x00000000d5a00000,0x00000000d5a00000,0x00000000d5a80000)
 ParOldGen       total 301056K, used 96492K [0x0000000080000000, 0x0000000092600000, 0x00000000d5580000)
  object space 301056K, 32% used [0x0000000080000000,0x0000000085e3b3f0,0x0000000092600000)
 Metaspace       used 73110K, committed 74752K, reserved 1179648K
  class space    used 7397K, committed 8128K, reserved 1048576K
}
Event: 42.672 GC heap before
{Heap before GC invocations=690 (full 4):
 PSYoungGen      total 3584K, used 3360K [0x00000000d5580000, 0x00000000d5a80000, 0x0000000100000000)
  eden space 3072K, 100% used [0x00000000d5580000,0x00000000d5880000,0x00000000d5880000)
  from space 512K, 56% used [0x00000000d5980000,0x00000000d59c8000,0x00000000d5a00000)
  to   space 512K, 0% used [0x00000000d5a00000,0x00000000d5a00000,0x00000000d5a80000)
 ParOldGen       total 301056K, used 96492K [0x0000000080000000, 0x0000000092600000, 0x00000000d5580000)
  object space 301056K, 32% used [0x0000000080000000,0x0000000085e3b3f0,0x0000000092600000)
 Metaspace       used 73156K, committed 74816K, reserved 1179648K
  class space    used 7399K, committed 8128K, reserved 1048576K
}
Event: 42.674 GC heap after
{Heap after GC invocations=690 (full 4):
 PSYoungGen      total 3584K, used 288K [0x00000000d5580000, 0x00000000d5a80000, 0x0000000100000000)
  eden space 3072K, 0% used [0x00000000d5580000,0x00000000d5580000,0x00000000d5880000)
  from space 512K, 56% used [0x00000000d5a00000,0x00000000d5a48000,0x00000000d5a80000)
  to   space 512K, 0% used [0x00000000d5980000,0x00000000d5980000,0x00000000d5a00000)
 ParOldGen       total 301056K, used 96556K [0x0000000080000000, 0x0000000092600000, 0x00000000d5580000)
  object space 301056K, 32% used [0x0000000080000000,0x0000000085e4b3f0,0x0000000092600000)
 Metaspace       used 73156K, committed 74816K, reserved 1179648K
  class space    used 7399K, committed 8128K, reserved 1048576K
}
Event: 42.686 GC heap before
{Heap before GC invocations=691 (full 4):
 PSYoungGen      total 3584K, used 3360K [0x00000000d5580000, 0x00000000d5a80000, 0x0000000100000000)
  eden space 3072K, 100% used [0x00000000d5580000,0x00000000d5880000,0x00000000d5880000)
  from space 512K, 56% used [0x00000000d5a00000,0x00000000d5a48000,0x00000000d5a80000)
  to   space 512K, 0% used [0x00000000d5980000,0x00000000d5980000,0x00000000d5a00000)
 ParOldGen       total 301056K, used 96556K [0x0000000080000000, 0x0000000092600000, 0x00000000d5580000)
  object space 301056K, 32% used [0x0000000080000000,0x0000000085e4b3f0,0x0000000092600000)
 Metaspace       used 73156K, committed 74816K, reserved 1179648K
  class space    used 7399K, committed 8128K, reserved 1048576K
}
Event: 42.688 GC heap after
{Heap after GC invocations=691 (full 4):
 PSYoungGen      total 3584K, used 480K [0x00000000d5580000, 0x00000000d5a80000, 0x0000000100000000)
  eden space 3072K, 0% used [0x00000000d5580000,0x00000000d5580000,0x00000000d5880000)
  from space 512K, 93% used [0x00000000d5980000,0x00000000d59f8030,0x00000000d5a00000)
  to   space 512K, 0% used [0x00000000d5a00000,0x00000000d5a00000,0x00000000d5a80000)
 ParOldGen       total 301056K, used 96724K [0x0000000080000000, 0x0000000092600000, 0x00000000d5580000)
  object space 301056K, 32% used [0x0000000080000000,0x0000000085e753f0,0x0000000092600000)
 Metaspace       used 73156K, committed 74816K, reserved 1179648K
  class space    used 7399K, committed 8128K, reserved 1048576K
}
Event: 42.758 GC heap before
{Heap before GC invocations=692 (full 4):
 PSYoungGen      total 3584K, used 3552K [0x00000000d5580000, 0x00000000d5a80000, 0x0000000100000000)
  eden space 3072K, 100% used [0x00000000d5580000,0x00000000d5880000,0x00000000d5880000)
  from space 512K, 93% used [0x00000000d5980000,0x00000000d59f8030,0x00000000d5a00000)
  to   space 512K, 0% used [0x00000000d5a00000,0x00000000d5a00000,0x00000000d5a80000)
 ParOldGen       total 301056K, used 96724K [0x0000000080000000, 0x0000000092600000, 0x00000000d5580000)
  object space 301056K, 32% used [0x0000000080000000,0x0000000085e753f0,0x0000000092600000)
 Metaspace       used 73212K, committed 74816K, reserved 1179648K
  class space    used 7407K, committed 8128K, reserved 1048576K
}
Event: 42.760 GC heap after
{Heap after GC invocations=692 (full 4):
 PSYoungGen      total 3584K, used 500K [0x00000000d5580000, 0x00000000d5a80000, 0x0000000100000000)
  eden space 3072K, 0% used [0x00000000d5580000,0x00000000d5580000,0x00000000d5880000)
  from space 512K, 97% used [0x00000000d5a00000,0x00000000d5a7d050,0x00000000d5a80000)
  to   space 1024K, 0% used [0x00000000d5880000,0x00000000d5880000,0x00000000d5980000)
 ParOldGen       total 301056K, used 97069K [0x0000000080000000, 0x0000000092600000, 0x00000000d5580000)
  object space 301056K, 32% used [0x0000000080000000,0x0000000085ecb410,0x0000000092600000)
 Metaspace       used 73212K, committed 74816K, reserved 1179648K
  class space    used 7407K, committed 8128K, reserved 1048576K
}
Event: 42.827 GC heap before
{Heap before GC invocations=693 (full 4):
 PSYoungGen      total 3584K, used 3572K [0x00000000d5580000, 0x00000000d5a80000, 0x0000000100000000)
  eden space 3072K, 100% used [0x00000000d5580000,0x00000000d5880000,0x00000000d5880000)
  from space 512K, 97% used [0x00000000d5a00000,0x00000000d5a7d050,0x00000000d5a80000)
  to   space 1024K, 0% used [0x00000000d5880000,0x00000000d5880000,0x00000000d5980000)
 ParOldGen       total 301056K, used 97069K [0x0000000080000000, 0x0000000092600000, 0x00000000d5580000)
  object space 301056K, 32% used [0x0000000080000000,0x0000000085ecb410,0x0000000092600000)
 Metaspace       used 73230K, committed 74880K, reserved 1179648K
  class space    used 7407K, committed 8128K, reserved 1048576K
}
Event: 42.829 GC heap after
{Heap after GC invocations=693 (full 4):
 PSYoungGen      total 4096K, used 639K [0x00000000d5580000, 0x00000000d5a80000, 0x0000000100000000)
  eden space 3072K, 0% used [0x00000000d5580000,0x00000000d5580000,0x00000000d5880000)
  from space 1024K, 62% used [0x00000000d5880000,0x00000000d591fc90,0x00000000d5980000)
  to   space 1024K, 0% used [0x00000000d5980000,0x00000000d5980000,0x00000000d5a80000)
 ParOldGen       total 301056K, used 97509K [0x0000000080000000, 0x0000000092600000, 0x00000000d5580000)
  object space 301056K, 32% used [0x0000000080000000,0x0000000085f397c8,0x0000000092600000)
 Metaspace       used 73230K, committed 74880K, reserved 1179648K
  class space    used 7407K, committed 8128K, reserved 1048576K
}

