# JRE version: OpenJDK Runtime Environment Temurin-21.0.8+9 (21.0.8+9) (build 21.0.8+9-LTS)
# Java VM: OpenJDK 64-Bit Server VM Temurin-21.0.8+9 (21.0.8+9-LTS, mixed mode, sharing, tiered, compressed oops, compressed class ptrs, parallel gc, windows-amd64)
GC Precious Log:
 CardTable entry size: 512
 CPUs: 12 total, 12 available
 Memory: 7521M
 Large Page Support: Disabled
 NUMA Support: Disabled
 Compressed Oops: Enabled (32-bit)
 Alignments: Space 512K, Generation 512K, Heap 2M
 Heap Min Capacity: 100M
 Heap Initial Capacity: 100M
 Heap Max Capacity: 2G
 Pre-touch: Disabled
 Parallel Workers: 10
Heap:
 PSYoungGen      total 14848K, used 1782K [0x00000000d5580000, 0x00000000d6700000, 0x0000000100000000)
  eden space 13824K, 5% used [0x00000000d5580000,0x00000000d5645970,0x00000000d6300000)
  from space 1024K, 96% used [0x00000000d6300000,0x00000000d63f8040,0x00000000d6400000)
  to   space 2048K, 0% used [0x00000000d6500000,0x00000000d6500000,0x00000000d6700000)
 ParOldGen       total 68608K, used 51206K [0x0000000080000000, 0x0000000084300000, 0x00000000d5580000)
  object space 68608K, 74% used [0x0000000080000000,0x0000000083201bd8,0x0000000084300000)
 Metaspace       used 62666K, committed 64256K, reserved 1114112K
  class space    used 6835K, committed 7488K, reserved 1048576K
GC Heap History (20 events):
Event: 31.692 GC heap before
{Heap before GC invocations=34 (full 2):
 PSYoungGen      total 16896K, used 16704K [0x00000000d5580000, 0x00000000d6800000, 0x0000000100000000)
  eden space 14848K, 100% used [0x00000000d5580000,0x00000000d6400000,0x00000000d6400000)
  from space 2048K, 90% used [0x00000000d6400000,0x00000000d65d0010,0x00000000d6600000)
  to   space 2048K, 0% used [0x00000000d6600000,0x00000000d6600000,0x00000000d6800000)
 ParOldGen       total 68608K, used 49084K [0x0000000080000000, 0x0000000084300000, 0x00000000d5580000)
  object space 68608K, 71% used [0x0000000080000000,0x0000000082fef3b8,0x0000000084300000)
 Metaspace       used 55073K, committed 56448K, reserved 1114112K
  class space    used 6070K, committed 6656K, reserved 1048576K
}
Event: 31.696 GC heap after
{Heap after GC invocations=34 (full 2):
 PSYoungGen      total 16896K, used 1528K [0x00000000d5580000, 0x00000000d6800000, 0x0000000100000000)
  eden space 14848K, 0% used [0x00000000d5580000,0x00000000d5580000,0x00000000d6400000)
  from space 2048K, 74% used [0x00000000d6600000,0x00000000d677e200,0x00000000d6800000)
  to   space 2048K, 0% used [0x00000000d6400000,0x00000000d6400000,0x00000000d6600000)
 ParOldGen       total 68608K, used 50784K [0x0000000080000000, 0x0000000084300000, 0x00000000d5580000)
  object space 68608K, 74% used [0x0000000080000000,0x00000000831983d8,0x0000000084300000)
 Metaspace       used 55073K, committed 56448K, reserved 1114112K
  class space    used 6070K, committed 6656K, reserved 1048576K
}
Event: 31.878 GC heap before
{Heap before GC invocations=35 (full 2):
 PSYoungGen      total 16896K, used 16376K [0x00000000d5580000, 0x00000000d6800000, 0x0000000100000000)
  eden space 14848K, 100% used [0x00000000d5580000,0x00000000d6400000,0x00000000d6400000)
  from space 2048K, 74% used [0x00000000d6600000,0x00000000d677e200,0x00000000d6800000)
  to   space 2048K, 0% used [0x00000000d6400000,0x00000000d6400000,0x00000000d6600000)
 ParOldGen       total 68608K, used 50784K [0x0000000080000000, 0x0000000084300000, 0x00000000d5580000)
  object space 68608K, 74% used [0x0000000080000000,0x00000000831983d8,0x0000000084300000)
 Metaspace       used 55256K, committed 56640K, reserved 1114112K
  class space    used 6093K, committed 6656K, reserved 1048576K
}
Event: 31.882 GC heap after
{Heap after GC invocations=35 (full 2):
 PSYoungGen      total 16384K, used 1280K [0x00000000d5580000, 0x00000000d6700000, 0x0000000100000000)
  eden space 14848K, 0% used [0x00000000d5580000,0x00000000d5580000,0x00000000d6400000)
  from space 1536K, 83% used [0x00000000d6400000,0x00000000d6540000,0x00000000d6580000)
  to   space 1536K, 0% used [0x00000000d6580000,0x00000000d6580000,0x00000000d6700000)
 ParOldGen       total 68608K, used 52217K [0x0000000080000000, 0x0000000084300000, 0x00000000d5580000)
  object space 68608K, 76% used [0x0000000080000000,0x00000000832fe5d8,0x0000000084300000)
 Metaspace       used 55256K, committed 56640K, reserved 1114112K
  class space    used 6093K, committed 6656K, reserved 1048576K
}
Event: 32.483 GC heap before
{Heap before GC invocations=36 (full 2):
 PSYoungGen      total 16384K, used 16128K [0x00000000d5580000, 0x00000000d6700000, 0x0000000100000000)
  eden space 14848K, 100% used [0x00000000d5580000,0x00000000d6400000,0x00000000d6400000)
  from space 1536K, 83% used [0x00000000d6400000,0x00000000d6540000,0x00000000d6580000)
  to   space 1536K, 0% used [0x00000000d6580000,0x00000000d6580000,0x00000000d6700000)
 ParOldGen       total 68608K, used 52217K [0x0000000080000000, 0x0000000084300000, 0x00000000d5580000)
  object space 68608K, 76% used [0x0000000080000000,0x00000000832fe5d8,0x0000000084300000)
 Metaspace       used 56870K, committed 58176K, reserved 1114112K
  class space    used 6298K, committed 6848K, reserved 1048576K
}
Event: 32.487 GC heap after
{Heap after GC invocations=36 (full 2):
 PSYoungGen      total 16384K, used 1061K [0x00000000d5580000, 0x00000000d6700000, 0x0000000100000000)
  eden space 14848K, 0% used [0x00000000d5580000,0x00000000d5580000,0x00000000d6400000)
  from space 1536K, 69% used [0x00000000d6580000,0x00000000d6689558,0x00000000d6700000)
  to   space 1536K, 0% used [0x00000000d6400000,0x00000000d6400000,0x00000000d6580000)
 ParOldGen       total 68608K, used 53353K [0x0000000080000000, 0x0000000084300000, 0x00000000d5580000)
  object space 68608K, 77% used [0x0000000080000000,0x000000008341a5d8,0x0000000084300000)
 Metaspace       used 56870K, committed 58176K, reserved 1114112K
  class space    used 6298K, committed 6848K, reserved 1048576K
}
Event: 33.045 GC heap before
{Heap before GC invocations=37 (full 2):
 PSYoungGen      total 16384K, used 15909K [0x00000000d5580000, 0x00000000d6700000, 0x0000000100000000)
  eden space 14848K, 100% used [0x00000000d5580000,0x00000000d6400000,0x00000000d6400000)
  from space 1536K, 69% used [0x00000000d6580000,0x00000000d6689558,0x00000000d6700000)
  to   space 1536K, 0% used [0x00000000d6400000,0x00000000d6400000,0x00000000d6580000)
 ParOldGen       total 68608K, used 53353K [0x0000000080000000, 0x0000000084300000, 0x00000000d5580000)
  object space 68608K, 77% used [0x0000000080000000,0x000000008341a5d8,0x0000000084300000)
 Metaspace       used 57208K, committed 58560K, reserved 1114112K
  class space    used 6362K, committed 6912K, reserved 1048576K
}
Event: 33.048 GC heap after
{Heap after GC invocations=37 (full 2):
 PSYoungGen      total 15872K, used 576K [0x00000000d5580000, 0x00000000d6600000, 0x0000000100000000)
  eden space 14848K, 0% used [0x00000000d5580000,0x00000000d5580000,0x00000000d6400000)
  from space 1024K, 56% used [0x00000000d6400000,0x00000000d6490000,0x00000000d6500000)
  to   space 1024K, 0% used [0x00000000d6500000,0x00000000d6500000,0x00000000d6600000)
 ParOldGen       total 68608K, used 54324K [0x0000000080000000, 0x0000000084300000, 0x00000000d5580000)
  object space 68608K, 79% used [0x0000000080000000,0x000000008350d1f0,0x0000000084300000)
 Metaspace       used 57208K, committed 58560K, reserved 1114112K
  class space    used 6362K, committed 6912K, reserved 1048576K
}
Event: 33.433 GC heap before
{Heap before GC invocations=38 (full 2):
 PSYoungGen      total 15872K, used 15424K [0x00000000d5580000, 0x00000000d6600000, 0x0000000100000000)
  eden space 14848K, 100% used [0x00000000d5580000,0x00000000d6400000,0x00000000d6400000)
  from space 1024K, 56% used [0x00000000d6400000,0x00000000d6490000,0x00000000d6500000)
  to   space 1024K, 0% used [0x00000000d6500000,0x00000000d6500000,0x00000000d6600000)
 ParOldGen       total 68608K, used 54324K [0x0000000080000000, 0x0000000084300000, 0x00000000d5580000)
  object space 68608K, 79% used [0x0000000080000000,0x000000008350d1f0,0x0000000084300000)
 Metaspace       used 57688K, committed 59072K, reserved 1114112K
  class space    used 6392K, committed 6976K, reserved 1048576K
}
Event: 33.435 GC heap after
{Heap after GC invocations=38 (full 2):
 PSYoungGen      total 14848K, used 1024K [0x00000000d5580000, 0x00000000d6800000, 0x0000000100000000)
  eden space 13824K, 0% used [0x00000000d5580000,0x00000000d5580000,0x00000000d6300000)
  from space 1024K, 100% used [0x00000000d6500000,0x00000000d6600000,0x00000000d6600000)
  to   space 2048K, 0% used [0x00000000d6300000,0x00000000d6300000,0x00000000d6500000)
 ParOldGen       total 68608K, used 54812K [0x0000000080000000, 0x0000000084300000, 0x00000000d5580000)
  object space 68608K, 79% used [0x0000000080000000,0x0000000083587200,0x0000000084300000)
 Metaspace       used 57688K, committed 59072K, reserved 1114112K
  class space    used 6392K, committed 6976K, reserved 1048576K
}
Event: 33.780 GC heap before
{Heap before GC invocations=39 (full 2):
 PSYoungGen      total 14848K, used 14848K [0x00000000d5580000, 0x00000000d6800000, 0x0000000100000000)
  eden space 13824K, 100% used [0x00000000d5580000,0x00000000d6300000,0x00000000d6300000)
  from space 1024K, 100% used [0x00000000d6500000,0x00000000d6600000,0x00000000d6600000)
  to   space 2048K, 0% used [0x00000000d6300000,0x00000000d6300000,0x00000000d6500000)
 ParOldGen       total 68608K, used 54812K [0x0000000080000000, 0x0000000084300000, 0x00000000d5580000)
  object space 68608K, 79% used [0x0000000080000000,0x0000000083587200,0x0000000084300000)
 Metaspace       used 58048K, committed 59392K, reserved 1114112K
  class space    used 6430K, committed 6976K, reserved 1048576K
}
Event: 33.783 GC heap after
{Heap after GC invocations=39 (full 2):
 PSYoungGen      total 14848K, used 544K [0x00000000d5580000, 0x00000000d6580000, 0x0000000100000000)
  eden space 13824K, 0% used [0x00000000d5580000,0x00000000d5580000,0x00000000d6300000)
  from space 1024K, 53% used [0x00000000d6300000,0x00000000d6388000,0x00000000d6400000)
  to   space 1024K, 0% used [0x00000000d6480000,0x00000000d6480000,0x00000000d6580000)
 ParOldGen       total 68608K, used 55786K [0x0000000080000000, 0x0000000084300000, 0x00000000d5580000)
  object space 68608K, 81% used [0x0000000080000000,0x000000008367a9f0,0x0000000084300000)
 Metaspace       used 58048K, committed 59392K, reserved 1114112K
  class space    used 6430K, committed 6976K, reserved 1048576K
}
Event: 34.030 GC heap before
{Heap before GC invocations=40 (full 2):
 PSYoungGen      total 14848K, used 12536K [0x00000000d5580000, 0x00000000d6580000, 0x0000000100000000)
  eden space 13824K, 86% used [0x00000000d5580000,0x00000000d61362e0,0x00000000d6300000)
  from space 1024K, 53% used [0x00000000d6300000,0x00000000d6388000,0x00000000d6400000)
  to   space 1024K, 0% used [0x00000000d6480000,0x00000000d6480000,0x00000000d6580000)
 ParOldGen       total 68608K, used 55786K [0x0000000080000000, 0x0000000084300000, 0x00000000d5580000)
  object space 68608K, 81% used [0x0000000080000000,0x000000008367a9f0,0x0000000084300000)
 Metaspace       used 58393K, committed 59776K, reserved 1114112K
  class space    used 6455K, committed 7040K, reserved 1048576K
}
Event: 34.033 GC heap after
{Heap after GC invocations=40 (full 2):
 PSYoungGen      total 14848K, used 992K [0x00000000d5580000, 0x00000000d6600000, 0x0000000100000000)
  eden space 13824K, 0% used [0x00000000d5580000,0x00000000d5580000,0x00000000d6300000)
  from space 1024K, 96% used [0x00000000d6480000,0x00000000d6578010,0x00000000d6580000)
  to   space 1536K, 0% used [0x00000000d6300000,0x00000000d6300000,0x00000000d6480000)
 ParOldGen       total 68608K, used 56170K [0x0000000080000000, 0x0000000084300000, 0x00000000d5580000)
  object space 68608K, 81% used [0x0000000080000000,0x00000000836da9f0,0x0000000084300000)
 Metaspace       used 58393K, committed 59776K, reserved 1114112K
  class space    used 6455K, committed 7040K, reserved 1048576K
}
Event: 34.034 GC heap before
{Heap before GC invocations=41 (full 3):
 PSYoungGen      total 14848K, used 992K [0x00000000d5580000, 0x00000000d6600000, 0x0000000100000000)
  eden space 13824K, 0% used [0x00000000d5580000,0x00000000d5580000,0x00000000d6300000)
  from space 1024K, 96% used [0x00000000d6480000,0x00000000d6578010,0x00000000d6580000)
  to   space 1536K, 0% used [0x00000000d6300000,0x00000000d6300000,0x00000000d6480000)
 ParOldGen       total 68608K, used 56170K [0x0000000080000000, 0x0000000084300000, 0x00000000d5580000)
  object space 68608K, 81% used [0x0000000080000000,0x00000000836da9f0,0x0000000084300000)
 Metaspace       used 58393K, committed 59776K, reserved 1114112K
  class space    used 6455K, committed 7040K, reserved 1048576K
}
Event: 34.180 GC heap after
{Heap after GC invocations=41 (full 3):
 PSYoungGen      total 14848K, used 0K [0x00000000d5580000, 0x00000000d6600000, 0x0000000100000000)
  eden space 13824K, 0% used [0x00000000d5580000,0x00000000d5580000,0x00000000d6300000)
  from space 1024K, 0% used [0x00000000d6480000,0x00000000d6480000,0x00000000d6580000)
  to   space 1536K, 0% used [0x00000000d6300000,0x00000000d6300000,0x00000000d6480000)
 ParOldGen       total 68608K, used 49896K [0x0000000080000000, 0x0000000084300000, 0x00000000d5580000)
  object space 68608K, 72% used [0x0000000080000000,0x00000000830ba258,0x0000000084300000)
 Metaspace       used 58393K, committed 59776K, reserved 1114112K
  class space    used 6455K, committed 7040K, reserved 1048576K
}
Event: 34.481 GC heap before
{Heap before GC invocations=42 (full 3):
 PSYoungGen      total 14848K, used 13824K [0x00000000d5580000, 0x00000000d6600000, 0x0000000100000000)
  eden space 13824K, 100% used [0x00000000d5580000,0x00000000d6300000,0x00000000d6300000)
  from space 1024K, 0% used [0x00000000d6480000,0x00000000d6480000,0x00000000d6580000)
  to   space 1536K, 0% used [0x00000000d6300000,0x00000000d6300000,0x00000000d6480000)
 ParOldGen       total 68608K, used 49896K [0x0000000080000000, 0x0000000084300000, 0x00000000d5580000)
  object space 68608K, 72% used [0x0000000080000000,0x00000000830ba258,0x0000000084300000)
 Metaspace       used 59300K, committed 60672K, reserved 1114112K
  class space    used 6537K, committed 7104K, reserved 1048576K
}
Event: 34.482 GC heap after
{Heap after GC invocations=42 (full 3):
 PSYoungGen      total 14848K, used 672K [0x00000000d5580000, 0x00000000d6500000, 0x0000000100000000)
  eden space 13824K, 0% used [0x00000000d5580000,0x00000000d5580000,0x00000000d6300000)
  from space 1024K, 65% used [0x00000000d6300000,0x00000000d63a8000,0x00000000d6400000)
  to   space 1024K, 0% used [0x00000000d6400000,0x00000000d6400000,0x00000000d6500000)
 ParOldGen       total 68608K, used 49904K [0x0000000080000000, 0x0000000084300000, 0x00000000d5580000)
  object space 68608K, 72% used [0x0000000080000000,0x00000000830bc258,0x0000000084300000)
 Metaspace       used 59300K, committed 60672K, reserved 1114112K
  class space    used 6537K, committed 7104K, reserved 1048576K
}
Event: 34.881 GC heap before
{Heap before GC invocations=43 (full 3):
 PSYoungGen      total 14848K, used 14496K [0x00000000d5580000, 0x00000000d6500000, 0x0000000100000000)
  eden space 13824K, 100% used [0x00000000d5580000,0x00000000d6300000,0x00000000d6300000)
  from space 1024K, 65% used [0x00000000d6300000,0x00000000d63a8000,0x00000000d6400000)
  to   space 1024K, 0% used [0x00000000d6400000,0x00000000d6400000,0x00000000d6500000)
 ParOldGen       total 68608K, used 49904K [0x0000000080000000, 0x0000000084300000, 0x00000000d5580000)
  object space 68608K, 72% used [0x0000000080000000,0x00000000830bc258,0x0000000084300000)
 Metaspace       used 60878K, committed 62336K, reserved 1114112K
  class space    used 6701K, committed 7360K, reserved 1048576K
}
Event: 34.884 GC heap after
{Heap after GC invocations=43 (full 3):
 PSYoungGen      total 14848K, used 960K [0x00000000d5580000, 0x00000000d6500000, 0x0000000100000000)
  eden space 13824K, 0% used [0x00000000d5580000,0x00000000d5580000,0x00000000d6300000)
  from space 1024K, 93% used [0x00000000d6400000,0x00000000d64f0020,0x00000000d6500000)
  to   space 1024K, 0% used [0x00000000d6300000,0x00000000d6300000,0x00000000d6400000)
 ParOldGen       total 68608K, used 50472K [0x0000000080000000, 0x0000000084300000, 0x00000000d5580000)
  object space 68608K, 73% used [0x0000000080000000,0x000000008314a258,0x0000000084300000)
 Metaspace       used 60878K, committed 62336K, reserved 1114112K
  class space    used 6701K, committed 7360K, reserved 1048576K
}

